<?xml version="1.0" encoding="UTF-8"?>
<testsuite xmlns:xsi="http://www.w3.org/2001/XMLSchema-instance" xsi:schemaLocation="https://maven.apache.org/surefire/maven-surefire-plugin/xsd/surefire-test-report.xsd" name="ashulzhenko.evaluator.action.EvaluatorTest" time="0.591" tests="12" errors="0" skipped="0" failures="0">
  <properties>
    <property name="java.runtime.name" value="Java(TM) SE Runtime Environment"/>
    <property name="sun.boot.library.path" value="/opt/java/jdk1.8.0_91/jre/lib/amd64"/>
    <property name="java.vm.version" value="25.91-b14"/>
    <property name="java.vm.vendor" value="Oracle Corporation"/>
    <property name="java.vendor.url" value="http://java.oracle.com/"/>
    <property name="path.separator" value=":"/>
    <property name="guice.disable.misplaced.annotation.check" value="true"/>
    <property name="java.vm.name" value="Java HotSpot(TM) 64-Bit Server VM"/>
    <property name="file.encoding.pkg" value="sun.io"/>
    <property name="user.country" value="CA"/>
    <property name="sun.java.launcher" value="SUN_STANDARD"/>
    <property name="sun.os.patch.level" value="unknown"/>
    <property name="java.vm.specification.name" value="Java Virtual Machine Specification"/>
    <property name="user.dir" value="/home/aline/Documents/NetBeansProjects/java-evaluator"/>
    <property name="java.runtime.version" value="1.8.0_91-b14"/>
    <property name="java.awt.graphicsenv" value="sun.awt.X11GraphicsEnvironment"/>
    <property name="java.endorsed.dirs" value="/opt/java/jdk1.8.0_91/jre/lib/endorsed"/>
    <property name="os.arch" value="amd64"/>
    <property name="java.io.tmpdir" value="/tmp"/>
    <property name="line.separator" value="&#10;"/>
    <property name="java.vm.specification.vendor" value="Oracle Corporation"/>
    <property name="os.name" value="Linux"/>
    <property name="maven.ext.class.path" value="/opt/netbeans-8.2/java/maven-nblib/netbeans-eventspy.jar"/>
    <property name="classworlds.conf" value="/opt/netbeans-8.2/java/maven/bin/m2.conf"/>
    <property name="sun.jnu.encoding" value="UTF-8"/>
    <property name="java.library.path" value="/opt/java/current-java/jre/lib/amd64:/opt/java/current-java/jre/lib/i386::/usr/java/packages/lib/amd64:/usr/lib64:/lib64:/lib:/usr/lib"/>
    <property name="java.specification.name" value="Java Platform API Specification"/>
    <property name="java.class.version" value="52.0"/>
    <property name="sun.management.compiler" value="HotSpot 64-Bit Tiered Compilers"/>
    <property name="os.version" value="3.19.0-49-generic"/>
    <property name="user.home" value="/home/aline"/>
    <property name="user.timezone" value="America/Toronto"/>
    <property name="java.awt.printerjob" value="sun.print.PSPrinterJob"/>
    <property name="file.encoding" value="UTF-8"/>
    <property name="java.specification.version" value="1.8"/>
    <property name="user.name" value="aline"/>
    <property name="java.class.path" value="/opt/netbeans-8.2/java/maven/boot/plexus-classworlds-2.4.jar"/>
    <property name="java.vm.specification.version" value="1.8"/>
    <property name="sun.arch.data.model" value="64"/>
    <property name="java.home" value="/opt/java/jdk1.8.0_91/jre"/>
    <property name="sun.java.command" value="org.codehaus.plexus.classworlds.launcher.Launcher -Dmaven.ext.class.path=/opt/netbeans-8.2/java/maven-nblib/netbeans-eventspy.jar clean install"/>
    <property name="java.specification.vendor" value="Oracle Corporation"/>
    <property name="user.language" value="en"/>
    <property name="awt.toolkit" value="sun.awt.X11.XToolkit"/>
    <property name="java.vm.info" value="mixed mode"/>
    <property name="java.version" value="1.8.0_91"/>
    <property name="java.ext.dirs" value="/opt/java/jdk1.8.0_91/jre/lib/ext:/usr/java/packages/lib/ext"/>
    <property name="securerandom.source" value="file:/dev/./urandom"/>
    <property name="sun.boot.class.path" value="/opt/java/jdk1.8.0_91/jre/lib/resources.jar:/opt/java/jdk1.8.0_91/jre/lib/rt.jar:/opt/java/jdk1.8.0_91/jre/lib/sunrsasign.jar:/opt/java/jdk1.8.0_91/jre/lib/jsse.jar:/opt/java/jdk1.8.0_91/jre/lib/jce.jar:/opt/java/jdk1.8.0_91/jre/lib/charsets.jar:/opt/java/jdk1.8.0_91/jre/lib/jfr.jar:/opt/java/jdk1.8.0_91/jre/classes"/>
    <property name="java.vendor" value="Oracle Corporation"/>
    <property name="maven.home" value="/opt/netbeans-8.2/java/maven"/>
    <property name="file.separator" value="/"/>
    <property name="java.vendor.url.bug" value="http://bugreport.sun.com/bugreport/"/>
    <property name="sun.cpu.endian" value="little"/>
    <property name="sun.io.unicode.encoding" value="UnicodeLittle"/>
    <property name="sun.desktop" value="gnome"/>
    <property name="sun.cpu.isalist" value=""/>
  </properties>
  <testcase name="TestConvert[0 plan[[Ljava.lang.String;@2c13da15]=[Ljava.lang.String;@77556fd]]" classname="ashulzhenko.evaluator.action.EvaluatorTest" time="0.009"/>
  <testcase name="TestEvaluate[0 plan[[Ljava.lang.String;@2c13da15]=[Ljava.lang.String;@77556fd]]" classname="ashulzhenko.evaluator.action.EvaluatorTest" time="0"/>
  <testcase name="TestConvert[1 plan[[Ljava.lang.String;@3b192d32]=[Ljava.lang.String;@16f65612]]" classname="ashulzhenko.evaluator.action.EvaluatorTest" time="0"/>
  <testcase name="TestEvaluate[1 plan[[Ljava.lang.String;@3b192d32]=[Ljava.lang.String;@16f65612]]" classname="ashulzhenko.evaluator.action.EvaluatorTest" time="0.002"/>
  <testcase name="TestConvert[2 plan[[Ljava.lang.String;@311d617d]=[Ljava.lang.String;@7c53a9eb]]" classname="ashulzhenko.evaluator.action.EvaluatorTest" time="0"/>
  <testcase name="TestEvaluate[2 plan[[Ljava.lang.String;@311d617d]=[Ljava.lang.String;@7c53a9eb]]" classname="ashulzhenko.evaluator.action.EvaluatorTest" time="0.001"/>
  <testcase name="TestConvert[3 plan[[Ljava.lang.String;@ed17bee]=[Ljava.lang.String;@2a33fae0]]" classname="ashulzhenko.evaluator.action.EvaluatorTest" time="0.001"/>
  <testcase name="TestEvaluate[3 plan[[Ljava.lang.String;@ed17bee]=[Ljava.lang.String;@2a33fae0]]" classname="ashulzhenko.evaluator.action.EvaluatorTest" time="0"/>
  <testcase name="TestConvert[4 plan[[Ljava.lang.String;@707f7052]=[Ljava.lang.String;@11028347]]" classname="ashulzhenko.evaluator.action.EvaluatorTest" time="0"/>
  <testcase name="TestEvaluate[4 plan[[Ljava.lang.String;@707f7052]=[Ljava.lang.String;@11028347]]" classname="ashulzhenko.evaluator.action.EvaluatorTest" time="0.001"/>
  <testcase name="TestConvert[5 plan[[Ljava.lang.String;@14899482]=[Ljava.lang.String;@21588809]]" classname="ashulzhenko.evaluator.action.EvaluatorTest" time="0.001"/>
  <testcase name="TestEvaluate[5 plan[[Ljava.lang.String;@14899482]=[Ljava.lang.String;@21588809]]" classname="ashulzhenko.evaluator.action.EvaluatorTest" time="0.001"/>
</testsuite>