<?xml version="1.0" encoding="UTF-8"?>
<testsuite xmlns:xsi="http://www.w3.org/2001/XMLSchema-instance" xsi:schemaLocation="https://maven.apache.org/surefire/maven-surefire-plugin/xsd/surefire-test-report.xsd" name="ashulzhenko.evaluator.actions.EvaluatorTest" time="0.391" tests="50" errors="0" skipped="0" failures="0">
  <properties>
    <property name="java.runtime.name" value="Java(TM) SE Runtime Environment"/>
    <property name="sun.boot.library.path" value="C:\Program Files\Java\jdk1.8.0_102\jre\bin"/>
    <property name="java.vm.version" value="25.102-b14"/>
    <property name="java.vm.vendor" value="Oracle Corporation"/>
    <property name="java.vendor.url" value="http://java.oracle.com/"/>
    <property name="path.separator" value=";"/>
    <property name="guice.disable.misplaced.annotation.check" value="true"/>
    <property name="java.vm.name" value="Java HotSpot(TM) 64-Bit Server VM"/>
    <property name="file.encoding.pkg" value="sun.io"/>
    <property name="user.script" value=""/>
    <property name="user.country" value="US"/>
    <property name="sun.java.launcher" value="SUN_STANDARD"/>
    <property name="sun.os.patch.level" value=""/>
    <property name="java.vm.specification.name" value="Java Virtual Machine Specification"/>
    <property name="user.dir" value="E:\NetBeansProjects\java-evaluator"/>
    <property name="java.runtime.version" value="1.8.0_102-b14"/>
    <property name="java.awt.graphicsenv" value="sun.awt.Win32GraphicsEnvironment"/>
    <property name="java.endorsed.dirs" value="C:\Program Files\Java\jdk1.8.0_102\jre\lib\endorsed"/>
    <property name="os.arch" value="amd64"/>
    <property name="java.io.tmpdir" value="C:\Users\1242395\AppData\Local\Temp\"/>
    <property name="line.separator" value="&#10;"/>
    <property name="java.vm.specification.vendor" value="Oracle Corporation"/>
    <property name="user.variant" value=""/>
    <property name="os.name" value="Windows 10"/>
    <property name="maven.ext.class.path" value="C:\dev\NetBeans8.1\java\maven-nblib\netbeans-eventspy.jar"/>
    <property name="classworlds.conf" value="C:\dev\NetBeans8.1\java\maven\bin\m2.conf"/>
    <property name="sun.jnu.encoding" value="Cp1252"/>
    <property name="java.library.path" value="C:\Program Files\Java\jdk1.8.0_102\bin;C:\WINDOWS\Sun\Java\bin;C:\WINDOWS\system32;C:\WINDOWS;C:\app\Administrator\product\11.2.0\client_1\bin;C:\ProgramData\Oracle\Java\javapath;C:\WINDOWS\system32;C:\WINDOWS;C:\WINDOWS\System32\Wbem;C:\WINDOWS\System32\WindowsPowerShell\v1.0\;C:\HashiCorp\Vagrant\bin;C:\Program Files (x86)\Heroku\bin;C:\Program Files (x86)\git\cmd;C:\Program Files\Git\cmd;C:\WINDOWS\system32\config\systemprofile\.dnx\bin;C:\Program Files\Microsoft DNX\Dnvm\;C:\Program Files\Microsoft SQL Server\120\Tools\Binn\;C:\Program Files\Microsoft SQL Server\130\Tools\Binn\;C:\Program Files (x86)\Microsoft Emulator Manager\1.0\;C:\Program Files (x86)\nodejs\;C:\Program Files (x86)\Windows Kits\10\Windows Performance Toolkit\;C:\Program Files (x86)\Microsoft VS Code\bin;C:\Users\Administrator\AppData\Roaming\npm;C:\Users\Administrator\AppData\Local\Microsoft\WindowsApps;C:\dev\Android\sdk\platform-tools;C:\wamp64\bin\mysql\mysql5.7.11\bin;."/>
    <property name="java.specification.name" value="Java Platform API Specification"/>
    <property name="java.class.version" value="52.0"/>
    <property name="sun.management.compiler" value="HotSpot 64-Bit Tiered Compilers"/>
    <property name="os.version" value="10.0"/>
    <property name="user.home" value="C:\Users\1242395"/>
    <property name="user.timezone" value="America/New_York"/>
    <property name="java.awt.printerjob" value="sun.awt.windows.WPrinterJob"/>
    <property name="java.specification.version" value="1.8"/>
    <property name="file.encoding" value="UTF-8"/>
    <property name="user.name" value="1242395"/>
    <property name="java.class.path" value="C:\dev\NetBeans8.1\java\maven\boot\plexus-classworlds-2.4.jar"/>
    <property name="java.vm.specification.version" value="1.8"/>
    <property name="sun.arch.data.model" value="64"/>
    <property name="java.home" value="C:\Program Files\Java\jdk1.8.0_102\jre"/>
    <property name="sun.java.command" value="org.codehaus.plexus.classworlds.launcher.Launcher -Dmaven.ext.class.path=C:\dev\NetBeans8.1\java\maven-nblib\netbeans-eventspy.jar -Dfile.encoding=UTF-8 clean install"/>
    <property name="java.specification.vendor" value="Oracle Corporation"/>
    <property name="user.language" value="en"/>
    <property name="awt.toolkit" value="sun.awt.windows.WToolkit"/>
    <property name="java.vm.info" value="mixed mode"/>
    <property name="java.version" value="1.8.0_102"/>
    <property name="java.ext.dirs" value="C:\Program Files\Java\jdk1.8.0_102\jre\lib\ext;C:\WINDOWS\Sun\Java\lib\ext"/>
    <property name="sun.boot.class.path" value="C:\Program Files\Java\jdk1.8.0_102\jre\lib\resources.jar;C:\Program Files\Java\jdk1.8.0_102\jre\lib\rt.jar;C:\Program Files\Java\jdk1.8.0_102\jre\lib\sunrsasign.jar;C:\Program Files\Java\jdk1.8.0_102\jre\lib\jsse.jar;C:\Program Files\Java\jdk1.8.0_102\jre\lib\jce.jar;C:\Program Files\Java\jdk1.8.0_102\jre\lib\charsets.jar;C:\Program Files\Java\jdk1.8.0_102\jre\lib\jfr.jar;C:\Program Files\Java\jdk1.8.0_102\jre\classes"/>
    <property name="java.vendor" value="Oracle Corporation"/>
    <property name="maven.home" value="C:\dev\NetBeans8.1\java\maven"/>
    <property name="file.separator" value="\"/>
    <property name="java.vendor.url.bug" value="http://bugreport.sun.com/bugreport/"/>
    <property name="sun.cpu.endian" value="little"/>
    <property name="sun.io.unicode.encoding" value="UnicodeLittle"/>
    <property name="sun.desktop" value="windows"/>
    <property name="sun.cpu.isalist" value="amd64"/>
  </properties>
  <testcase name="convertTest[0 plan[2 + 3 * 4]=2 3 4 * +]]" classname="ashulzhenko.evaluator.actions.EvaluatorTest" time="0"/>
  <testcase name="evaluateTest[0 plan[2 + 3 * 4]=2 3 4 * +]]" classname="ashulzhenko.evaluator.actions.EvaluatorTest" time="0.015"/>
  <testcase name="convertTest[1 plan[2 * 3 + 4]=2 3 * 4 +]]" classname="ashulzhenko.evaluator.actions.EvaluatorTest" time="0"/>
  <testcase name="evaluateTest[1 plan[2 * 3 + 4]=2 3 * 4 +]]" classname="ashulzhenko.evaluator.actions.EvaluatorTest" time="0"/>
  <testcase name="convertTest[2 plan[( ( 5 + 1 ) * 2 ) + 3]=5 1 + 2 * 3 +]]" classname="ashulzhenko.evaluator.actions.EvaluatorTest" time="0"/>
  <testcase name="evaluateTest[2 plan[( ( 5 + 1 ) * 2 ) + 3]=5 1 + 2 * 3 +]]" classname="ashulzhenko.evaluator.actions.EvaluatorTest" time="0"/>
  <testcase name="convertTest[3 plan[( 5 + 1 ) * 2 + 3]=5 1 + 2 * 3 +]]" classname="ashulzhenko.evaluator.actions.EvaluatorTest" time="0"/>
  <testcase name="evaluateTest[3 plan[( 5 + 1 ) * 2 + 3]=5 1 + 2 * 3 +]]" classname="ashulzhenko.evaluator.actions.EvaluatorTest" time="0"/>
  <testcase name="convertTest[4 plan[5 + ( 1 * 2 ) + 3]=5 1 2 * + 3 +]]" classname="ashulzhenko.evaluator.actions.EvaluatorTest" time="0"/>
  <testcase name="evaluateTest[4 plan[5 + ( 1 * 2 ) + 3]=5 1 2 * + 3 +]]" classname="ashulzhenko.evaluator.actions.EvaluatorTest" time="0"/>
  <testcase name="convertTest[5 plan[10 + ( 2 * 3 ) + ( 1 + 3 ) * 5]=10 2 3 * + 1 3 + 5 * +]]" classname="ashulzhenko.evaluator.actions.EvaluatorTest" time="0"/>
  <testcase name="evaluateTest[5 plan[10 + ( 2 * 3 ) + ( 1 + 3 ) * 5]=10 2 3 * + 1 3 + 5 * +]]" classname="ashulzhenko.evaluator.actions.EvaluatorTest" time="0"/>
  <testcase name="convertTest[6 plan[2 * ( 3 + 2 * 7 ) + 10]=2 3 2 7 * + * 10 +]]" classname="ashulzhenko.evaluator.actions.EvaluatorTest" time="0"/>
  <testcase name="evaluateTest[6 plan[2 * ( 3 + 2 * 7 ) + 10]=2 3 2 7 * + * 10 +]]" classname="ashulzhenko.evaluator.actions.EvaluatorTest" time="0"/>
  <testcase name="convertTest[7 plan[11 + 1 - 100 * 2 / ( 50 - 25 ) + 25]=11 1 + 100 2 * 50 25 - / - 25 +]]" classname="ashulzhenko.evaluator.actions.EvaluatorTest" time="0"/>
  <testcase name="evaluateTest[7 plan[11 + 1 - 100 * 2 / ( 50 - 25 ) + 25]=11 1 + 100 2 * 50 25 - / - 25 +]]" classname="ashulzhenko.evaluator.actions.EvaluatorTest" time="0"/>
  <testcase name="convertTest[8 plan[11 + ( ( 1 - 100 ) * 2 / ( 50 - 25 ) ) + 25]=11 1 100 - 2 * 50 25 - / + 25 +]]" classname="ashulzhenko.evaluator.actions.EvaluatorTest" time="0"/>
  <testcase name="evaluateTest[8 plan[11 + ( ( 1 - 100 ) * 2 / ( 50 - 25 ) ) + 25]=11 1 100 - 2 * 50 25 - / + 25 +]]" classname="ashulzhenko.evaluator.actions.EvaluatorTest" time="0"/>
  <testcase name="convertTest[9 plan[2.3 * 3 + 4.7]=2.3 3 * 4.7 +]]" classname="ashulzhenko.evaluator.actions.EvaluatorTest" time="0"/>
  <testcase name="evaluateTest[9 plan[2.3 * 3 + 4.7]=2.3 3 * 4.7 +]]" classname="ashulzhenko.evaluator.actions.EvaluatorTest" time="0"/>
  <testcase name="convertTest[10 plan[( ( 3 + 11 ) / ( 2 + 8 ) - 3 ) * 2]=3 11 + 2 8 + / 3 - 2 *]]" classname="ashulzhenko.evaluator.actions.EvaluatorTest" time="0"/>
  <testcase name="evaluateTest[10 plan[( ( 3 + 11 ) / ( 2 + 8 ) - 3 ) * 2]=3 11 + 2 8 + / 3 - 2 *]]" classname="ashulzhenko.evaluator.actions.EvaluatorTest" time="0"/>
  <testcase name="convertTest[11 plan[( 2 + 8 * 2 / 4 ) - ( 3 + 7 ) / 2 + 7]=2 8 2 * 4 / + 3 7 + 2 / - 7 +]]" classname="ashulzhenko.evaluator.actions.EvaluatorTest" time="0"/>
  <testcase name="evaluateTest[11 plan[( 2 + 8 * 2 / 4 ) - ( 3 + 7 ) / 2 + 7]=2 8 2 * 4 / + 3 7 + 2 / - 7 +]]" classname="ashulzhenko.evaluator.actions.EvaluatorTest" time="0"/>
  <testcase name="convertTest[12 plan[( -10 * 8 ) * 100 + 21 / 7]=-10 8 * 100 * 21 7 / +]]" classname="ashulzhenko.evaluator.actions.EvaluatorTest" time="0"/>
  <testcase name="evaluateTest[12 plan[( -10 * 8 ) * 100 + 21 / 7]=-10 8 * 100 * 21 7 / +]]" classname="ashulzhenko.evaluator.actions.EvaluatorTest" time="0"/>
  <testcase name="convertTest[13 plan[( 22 / 11 + 3 - 7 ) * 12 - ( 2 + 1 )]=22 11 / 3 + 7 - 12 * 2 1 + -]]" classname="ashulzhenko.evaluator.actions.EvaluatorTest" time="0"/>
  <testcase name="evaluateTest[13 plan[( 22 / 11 + 3 - 7 ) * 12 - ( 2 + 1 )]=22 11 / 3 + 7 - 12 * 2 1 + -]]" classname="ashulzhenko.evaluator.actions.EvaluatorTest" time="0"/>
  <testcase name="convertTest[14 plan[100 / 10 * 2.5 + ( -20 )]=100 10 / 2.5 * -20 +]]" classname="ashulzhenko.evaluator.actions.EvaluatorTest" time="0"/>
  <testcase name="evaluateTest[14 plan[100 / 10 * 2.5 + ( -20 )]=100 10 / 2.5 * -20 +]]" classname="ashulzhenko.evaluator.actions.EvaluatorTest" time="0"/>
  <testcase name="convertTest[15 plan[1 / 0.4 + 2.3 - ( -10 )]=1 0.4 / 2.3 + -10 -]]" classname="ashulzhenko.evaluator.actions.EvaluatorTest" time="0"/>
  <testcase name="evaluateTest[15 plan[1 / 0.4 + 2.3 - ( -10 )]=1 0.4 / 2.3 + -10 -]]" classname="ashulzhenko.evaluator.actions.EvaluatorTest" time="0"/>
  <testcase name="convertTest[16 plan[( 1 + ( 3 + ( 4 - 5 ) * 3 ) - 5 ) - 10]=1 3 4 5 - 3 * + + 5 - 10 -]]" classname="ashulzhenko.evaluator.actions.EvaluatorTest" time="0"/>
  <testcase name="evaluateTest[16 plan[( 1 + ( 3 + ( 4 - 5 ) * 3 ) - 5 ) - 10]=1 3 4 5 - 3 * + + 5 - 10 -]]" classname="ashulzhenko.evaluator.actions.EvaluatorTest" time="0"/>
  <testcase name="convertTest[17 plan[( ( ( ( ( 2 + 7 ) - 5 * 2 ) / 2 ) - 2 ) + 10 ) * 3]=2 7 + 5 2 * - 2 / 2 - 10 + 3 *]]" classname="ashulzhenko.evaluator.actions.EvaluatorTest" time="0"/>
  <testcase name="evaluateTest[17 plan[( ( ( ( ( 2 + 7 ) - 5 * 2 ) / 2 ) - 2 ) + 10 ) * 3]=2 7 + 5 2 * - 2 / 2 - 10 + 3 *]]" classname="ashulzhenko.evaluator.actions.EvaluatorTest" time="0"/>
  <testcase name="convertTest[18 plan[10 / 2]=10 2 /]]" classname="ashulzhenko.evaluator.actions.EvaluatorTest" time="0"/>
  <testcase name="evaluateTest[18 plan[10 / 2]=10 2 /]]" classname="ashulzhenko.evaluator.actions.EvaluatorTest" time="0"/>
  <testcase name="convertTest[19 plan[2 + 2 + 2 + 2 + 2]=2 2 + 2 + 2 + 2 +]]" classname="ashulzhenko.evaluator.actions.EvaluatorTest" time="0"/>
  <testcase name="evaluateTest[19 plan[2 + 2 + 2 + 2 + 2]=2 2 + 2 + 2 + 2 +]]" classname="ashulzhenko.evaluator.actions.EvaluatorTest" time="0"/>
  <testcase name="convertTest[20 plan[10 - ( 2 / 2 + 3 - ( 10 + 27 ) ) - 5]=10 2 2 / 3 + 10 27 + - - 5 -]]" classname="ashulzhenko.evaluator.actions.EvaluatorTest" time="0"/>
  <testcase name="evaluateTest[20 plan[10 - ( 2 / 2 + 3 - ( 10 + 27 ) ) - 5]=10 2 2 / 3 + 10 27 + - - 5 -]]" classname="ashulzhenko.evaluator.actions.EvaluatorTest" time="0"/>
  <testcase name="convertTest[21 plan[22 / 2 + 2 * 2 - 2 + 2]=22 2 / 2 2 * + 2 - 2 +]]" classname="ashulzhenko.evaluator.actions.EvaluatorTest" time="0"/>
  <testcase name="evaluateTest[21 plan[22 / 2 + 2 * 2 - 2 + 2]=22 2 / 2 2 * + 2 - 2 +]]" classname="ashulzhenko.evaluator.actions.EvaluatorTest" time="0"/>
  <testcase name="convertTest[22 plan[( ( 12 - 10 ) / 5 + ( 33 + 11 ) - 15 ) * 23]=12 10 - 5 / 33 11 + + 15 - 23 *]]" classname="ashulzhenko.evaluator.actions.EvaluatorTest" time="0"/>
  <testcase name="evaluateTest[22 plan[( ( 12 - 10 ) / 5 + ( 33 + 11 ) - 15 ) * 23]=12 10 - 5 / 33 11 + + 15 - 23 *]]" classname="ashulzhenko.evaluator.actions.EvaluatorTest" time="0"/>
  <testcase name="convertTest[23 plan[( 13 + 27 ) * 2 - 34 / 17 + 2 * 7]=13 27 + 2 * 34 17 / - 2 7 * +]]" classname="ashulzhenko.evaluator.actions.EvaluatorTest" time="0"/>
  <testcase name="evaluateTest[23 plan[( 13 + 27 ) * 2 - 34 / 17 + 2 * 7]=13 27 + 2 * 34 17 / - 2 7 * +]]" classname="ashulzhenko.evaluator.actions.EvaluatorTest" time="0"/>
  <testcase name="convertTest[24 plan[1.4 * 2 - 2.3 + ( -17.3 )]=1.4 2 * 2.3 - -17.3 +]]" classname="ashulzhenko.evaluator.actions.EvaluatorTest" time="0"/>
  <testcase name="evaluateTest[24 plan[1.4 * 2 - 2.3 + ( -17.3 )]=1.4 2 * 2.3 - -17.3 +]]" classname="ashulzhenko.evaluator.actions.EvaluatorTest" time="0"/>
</testsuite>