<?xml version="1.0" encoding="UTF-8"?>
<testsuite xmlns:xsi="http://www.w3.org/2001/XMLSchema-instance" xsi:schemaLocation="https://maven.apache.org/surefire/maven-surefire-plugin/xsd/surefire-test-report.xsd" name="ashulzhenko.evaluator.actions.EvaluatorTest" time="0.625" tests="50" errors="0" skipped="0" failures="0">
  <properties>
    <property name="java.runtime.name" value="Java(TM) SE Runtime Environment"/>
    <property name="sun.boot.library.path" value="/opt/java/jdk1.8.0_91/jre/lib/amd64"/>
    <property name="java.vm.version" value="25.91-b14"/>
    <property name="java.vm.vendor" value="Oracle Corporation"/>
    <property name="java.vendor.url" value="http://java.oracle.com/"/>
    <property name="path.separator" value=":"/>
    <property name="guice.disable.misplaced.annotation.check" value="true"/>
    <property name="java.vm.name" value="Java HotSpot(TM) 64-Bit Server VM"/>
    <property name="file.encoding.pkg" value="sun.io"/>
    <property name="user.country" value="CA"/>
    <property name="sun.java.launcher" value="SUN_STANDARD"/>
    <property name="sun.os.patch.level" value="unknown"/>
    <property name="java.vm.specification.name" value="Java Virtual Machine Specification"/>
    <property name="user.dir" value="/home/aline/Documents/NetBeansProjects/java-evaluator"/>
    <property name="java.runtime.version" value="1.8.0_91-b14"/>
    <property name="java.awt.graphicsenv" value="sun.awt.X11GraphicsEnvironment"/>
    <property name="java.endorsed.dirs" value="/opt/java/jdk1.8.0_91/jre/lib/endorsed"/>
    <property name="os.arch" value="amd64"/>
    <property name="java.io.tmpdir" value="/tmp"/>
    <property name="line.separator" value="&#10;"/>
    <property name="java.vm.specification.vendor" value="Oracle Corporation"/>
    <property name="os.name" value="Linux"/>
    <property name="maven.ext.class.path" value="/opt/netbeans-8.2/java/maven-nblib/netbeans-eventspy.jar"/>
    <property name="classworlds.conf" value="/opt/netbeans-8.2/java/maven/bin/m2.conf"/>
    <property name="sun.jnu.encoding" value="UTF-8"/>
    <property name="java.library.path" value="/opt/java/current-java/jre/lib/amd64:/opt/java/current-java/jre/lib/i386::/usr/java/packages/lib/amd64:/usr/lib64:/lib64:/lib:/usr/lib"/>
    <property name="java.specification.name" value="Java Platform API Specification"/>
    <property name="java.class.version" value="52.0"/>
    <property name="sun.management.compiler" value="HotSpot 64-Bit Tiered Compilers"/>
    <property name="os.version" value="3.19.0-49-generic"/>
    <property name="user.home" value="/home/aline"/>
    <property name="user.timezone" value="America/Toronto"/>
    <property name="java.awt.printerjob" value="sun.print.PSPrinterJob"/>
    <property name="file.encoding" value="UTF-8"/>
    <property name="java.specification.version" value="1.8"/>
    <property name="user.name" value="aline"/>
    <property name="java.class.path" value="/opt/netbeans-8.2/java/maven/boot/plexus-classworlds-2.4.jar"/>
    <property name="java.vm.specification.version" value="1.8"/>
    <property name="sun.arch.data.model" value="64"/>
    <property name="java.home" value="/opt/java/jdk1.8.0_91/jre"/>
    <property name="sun.java.command" value="org.codehaus.plexus.classworlds.launcher.Launcher -Dmaven.ext.class.path=/opt/netbeans-8.2/java/maven-nblib/netbeans-eventspy.jar clean install"/>
    <property name="java.specification.vendor" value="Oracle Corporation"/>
    <property name="user.language" value="en"/>
    <property name="awt.toolkit" value="sun.awt.X11.XToolkit"/>
    <property name="java.vm.info" value="mixed mode"/>
    <property name="java.version" value="1.8.0_91"/>
    <property name="java.ext.dirs" value="/opt/java/jdk1.8.0_91/jre/lib/ext:/usr/java/packages/lib/ext"/>
    <property name="securerandom.source" value="file:/dev/./urandom"/>
    <property name="sun.boot.class.path" value="/opt/java/jdk1.8.0_91/jre/lib/resources.jar:/opt/java/jdk1.8.0_91/jre/lib/rt.jar:/opt/java/jdk1.8.0_91/jre/lib/sunrsasign.jar:/opt/java/jdk1.8.0_91/jre/lib/jsse.jar:/opt/java/jdk1.8.0_91/jre/lib/jce.jar:/opt/java/jdk1.8.0_91/jre/lib/charsets.jar:/opt/java/jdk1.8.0_91/jre/lib/jfr.jar:/opt/java/jdk1.8.0_91/jre/classes"/>
    <property name="java.vendor" value="Oracle Corporation"/>
    <property name="maven.home" value="/opt/netbeans-8.2/java/maven"/>
    <property name="file.separator" value="/"/>
    <property name="java.vendor.url.bug" value="http://bugreport.sun.com/bugreport/"/>
    <property name="sun.cpu.endian" value="little"/>
    <property name="sun.io.unicode.encoding" value="UnicodeLittle"/>
    <property name="sun.desktop" value="gnome"/>
    <property name="sun.cpu.isalist" value=""/>
  </properties>
  <testcase name="convertTest[0 plan[2 + 3 * 4]=2 3 4 * +]]" classname="ashulzhenko.evaluator.actions.EvaluatorTest" time="0.002"/>
  <testcase name="evaluateTest[0 plan[2 + 3 * 4]=2 3 4 * +]]" classname="ashulzhenko.evaluator.actions.EvaluatorTest" time="0.008"/>
  <testcase name="convertTest[1 plan[2 * 3 + 4]=2 3 * 4 +]]" classname="ashulzhenko.evaluator.actions.EvaluatorTest" time="0"/>
  <testcase name="evaluateTest[1 plan[2 * 3 + 4]=2 3 * 4 +]]" classname="ashulzhenko.evaluator.actions.EvaluatorTest" time="0.001"/>
  <testcase name="convertTest[2 plan[( ( 5 + 1 ) * 2 ) + 3]=5 1 + 2 * 3 +]]" classname="ashulzhenko.evaluator.actions.EvaluatorTest" time="0"/>
  <testcase name="evaluateTest[2 plan[( ( 5 + 1 ) * 2 ) + 3]=5 1 + 2 * 3 +]]" classname="ashulzhenko.evaluator.actions.EvaluatorTest" time="0.002"/>
  <testcase name="convertTest[3 plan[( 5 + 1 ) * 2 + 3]=5 1 + 2 * 3 +]]" classname="ashulzhenko.evaluator.actions.EvaluatorTest" time="0"/>
  <testcase name="evaluateTest[3 plan[( 5 + 1 ) * 2 + 3]=5 1 + 2 * 3 +]]" classname="ashulzhenko.evaluator.actions.EvaluatorTest" time="0.001"/>
  <testcase name="convertTest[4 plan[5 + ( 1 * 2 ) + 3]=5 1 2 * + 3 +]]" classname="ashulzhenko.evaluator.actions.EvaluatorTest" time="0"/>
  <testcase name="evaluateTest[4 plan[5 + ( 1 * 2 ) + 3]=5 1 2 * + 3 +]]" classname="ashulzhenko.evaluator.actions.EvaluatorTest" time="0.001"/>
  <testcase name="convertTest[5 plan[10 + ( 2 * 3 ) + ( 1 + 3 ) * 5]=10 2 3 * + 1 3 + 5 * +]]" classname="ashulzhenko.evaluator.actions.EvaluatorTest" time="0"/>
  <testcase name="evaluateTest[5 plan[10 + ( 2 * 3 ) + ( 1 + 3 ) * 5]=10 2 3 * + 1 3 + 5 * +]]" classname="ashulzhenko.evaluator.actions.EvaluatorTest" time="0.001"/>
  <testcase name="convertTest[6 plan[2 * ( 3 + 2 * 7 ) + 10]=2 3 2 7 * + * 10 +]]" classname="ashulzhenko.evaluator.actions.EvaluatorTest" time="0.001"/>
  <testcase name="evaluateTest[6 plan[2 * ( 3 + 2 * 7 ) + 10]=2 3 2 7 * + * 10 +]]" classname="ashulzhenko.evaluator.actions.EvaluatorTest" time="0.001"/>
  <testcase name="convertTest[7 plan[11 + 1 - 100 * 2 / ( 50 - 25 ) + 25]=11 1 + 100 2 * 50 25 - / - 25 +]]" classname="ashulzhenko.evaluator.actions.EvaluatorTest" time="0.001"/>
  <testcase name="evaluateTest[7 plan[11 + 1 - 100 * 2 / ( 50 - 25 ) + 25]=11 1 + 100 2 * 50 25 - / - 25 +]]" classname="ashulzhenko.evaluator.actions.EvaluatorTest" time="0.002"/>
  <testcase name="convertTest[8 plan[11 + ( ( 1 - 100 ) * 2 / ( 50 - 25 ) ) + 25]=11 1 100 - 2 * 50 25 - / + 25 +]]" classname="ashulzhenko.evaluator.actions.EvaluatorTest" time="0.001"/>
  <testcase name="evaluateTest[8 plan[11 + ( ( 1 - 100 ) * 2 / ( 50 - 25 ) ) + 25]=11 1 100 - 2 * 50 25 - / + 25 +]]" classname="ashulzhenko.evaluator.actions.EvaluatorTest" time="0.002"/>
  <testcase name="convertTest[9 plan[2.3 * 3 + 4.7]=2.3 3 * 4.7 +]]" classname="ashulzhenko.evaluator.actions.EvaluatorTest" time="0.001"/>
  <testcase name="evaluateTest[9 plan[2.3 * 3 + 4.7]=2.3 3 * 4.7 +]]" classname="ashulzhenko.evaluator.actions.EvaluatorTest" time="0.001"/>
  <testcase name="convertTest[10 plan[( ( 3 + 11 ) / ( 2 + 8 ) - 3 ) * 2]=3 11 + 2 8 + / 3 - 2 *]]" classname="ashulzhenko.evaluator.actions.EvaluatorTest" time="0"/>
  <testcase name="evaluateTest[10 plan[( ( 3 + 11 ) / ( 2 + 8 ) - 3 ) * 2]=3 11 + 2 8 + / 3 - 2 *]]" classname="ashulzhenko.evaluator.actions.EvaluatorTest" time="0.002"/>
  <testcase name="convertTest[11 plan[( 2 + 8 * 2 / 4 ) - ( 3 + 7 ) / 2 + 7]=2 8 2 * 4 / + 3 7 + 2 / - 7 +]]" classname="ashulzhenko.evaluator.actions.EvaluatorTest" time="0.001"/>
  <testcase name="evaluateTest[11 plan[( 2 + 8 * 2 / 4 ) - ( 3 + 7 ) / 2 + 7]=2 8 2 * 4 / + 3 7 + 2 / - 7 +]]" classname="ashulzhenko.evaluator.actions.EvaluatorTest" time="0.002"/>
  <testcase name="convertTest[12 plan[( -10 * 8 ) * 100 + 21 / 7]=-10 8 * 100 * 21 7 / +]]" classname="ashulzhenko.evaluator.actions.EvaluatorTest" time="0.001"/>
  <testcase name="evaluateTest[12 plan[( -10 * 8 ) * 100 + 21 / 7]=-10 8 * 100 * 21 7 / +]]" classname="ashulzhenko.evaluator.actions.EvaluatorTest" time="0.002"/>
  <testcase name="convertTest[13 plan[( 22 / 11 + 3 - 7 ) * 12 - ( 2 + 1 )]=22 11 / 3 + 7 - 12 * 2 1 + -]]" classname="ashulzhenko.evaluator.actions.EvaluatorTest" time="0"/>
  <testcase name="evaluateTest[13 plan[( 22 / 11 + 3 - 7 ) * 12 - ( 2 + 1 )]=22 11 / 3 + 7 - 12 * 2 1 + -]]" classname="ashulzhenko.evaluator.actions.EvaluatorTest" time="0.001"/>
  <testcase name="convertTest[14 plan[100 / 10 * 2.5 + ( -20 )]=100 10 / 2.5 * -20 +]]" classname="ashulzhenko.evaluator.actions.EvaluatorTest" time="0.001"/>
  <testcase name="evaluateTest[14 plan[100 / 10 * 2.5 + ( -20 )]=100 10 / 2.5 * -20 +]]" classname="ashulzhenko.evaluator.actions.EvaluatorTest" time="0.001"/>
  <testcase name="convertTest[15 plan[1 / 0.4 + 2.3 - ( -10 )]=1 0.4 / 2.3 + -10 -]]" classname="ashulzhenko.evaluator.actions.EvaluatorTest" time="0.001"/>
  <testcase name="evaluateTest[15 plan[1 / 0.4 + 2.3 - ( -10 )]=1 0.4 / 2.3 + -10 -]]" classname="ashulzhenko.evaluator.actions.EvaluatorTest" time="0.001"/>
  <testcase name="convertTest[16 plan[( 1 + ( 3 + ( 4 - 5 ) * 3 ) - 5 ) - 10]=1 3 4 5 - 3 * + + 5 - 10 -]]" classname="ashulzhenko.evaluator.actions.EvaluatorTest" time="0.001"/>
  <testcase name="evaluateTest[16 plan[( 1 + ( 3 + ( 4 - 5 ) * 3 ) - 5 ) - 10]=1 3 4 5 - 3 * + + 5 - 10 -]]" classname="ashulzhenko.evaluator.actions.EvaluatorTest" time="0.002"/>
  <testcase name="convertTest[17 plan[( ( ( ( ( 2 + 7 ) - 5 * 2 ) / 2 ) - 2 ) + 10 ) * 3]=2 7 + 5 2 * - 2 / 2 - 10 + 3 *]]" classname="ashulzhenko.evaluator.actions.EvaluatorTest" time="0.001"/>
  <testcase name="evaluateTest[17 plan[( ( ( ( ( 2 + 7 ) - 5 * 2 ) / 2 ) - 2 ) + 10 ) * 3]=2 7 + 5 2 * - 2 / 2 - 10 + 3 *]]" classname="ashulzhenko.evaluator.actions.EvaluatorTest" time="0.005"/>
  <testcase name="convertTest[18 plan[10 / 2]=10 2 /]]" classname="ashulzhenko.evaluator.actions.EvaluatorTest" time="0"/>
  <testcase name="evaluateTest[18 plan[10 / 2]=10 2 /]]" classname="ashulzhenko.evaluator.actions.EvaluatorTest" time="0.001"/>
  <testcase name="convertTest[19 plan[2 + 2 + 2 + 2 + 2]=2 2 + 2 + 2 + 2 +]]" classname="ashulzhenko.evaluator.actions.EvaluatorTest" time="0"/>
  <testcase name="evaluateTest[19 plan[2 + 2 + 2 + 2 + 2]=2 2 + 2 + 2 + 2 +]]" classname="ashulzhenko.evaluator.actions.EvaluatorTest" time="0.002"/>
  <testcase name="convertTest[20 plan[10 - ( 2 / 2 + 3 - ( 10 + 27 ) ) - 5]=10 2 2 / 3 + 10 27 + - - 5 -]]" classname="ashulzhenko.evaluator.actions.EvaluatorTest" time="0.001"/>
  <testcase name="evaluateTest[20 plan[10 - ( 2 / 2 + 3 - ( 10 + 27 ) ) - 5]=10 2 2 / 3 + 10 27 + - - 5 -]]" classname="ashulzhenko.evaluator.actions.EvaluatorTest" time="0.001"/>
  <testcase name="convertTest[21 plan[22 / 2 + 2 * 2 - 2 + 2]=22 2 / 2 2 * + 2 - 2 +]]" classname="ashulzhenko.evaluator.actions.EvaluatorTest" time="0"/>
  <testcase name="evaluateTest[21 plan[22 / 2 + 2 * 2 - 2 + 2]=22 2 / 2 2 * + 2 - 2 +]]" classname="ashulzhenko.evaluator.actions.EvaluatorTest" time="0.002"/>
  <testcase name="convertTest[22 plan[( ( 12 - 10 ) / 5 + ( 33 + 11 ) - 15 ) * 23]=12 10 - 5 / 33 11 + + 15 - 23 *]]" classname="ashulzhenko.evaluator.actions.EvaluatorTest" time="0.001"/>
  <testcase name="evaluateTest[22 plan[( ( 12 - 10 ) / 5 + ( 33 + 11 ) - 15 ) * 23]=12 10 - 5 / 33 11 + + 15 - 23 *]]" classname="ashulzhenko.evaluator.actions.EvaluatorTest" time="0.001"/>
  <testcase name="convertTest[23 plan[( 13 + 27 ) * 2 - 34 / 17 + 2 * 7]=13 27 + 2 * 34 17 / - 2 7 * +]]" classname="ashulzhenko.evaluator.actions.EvaluatorTest" time="0"/>
  <testcase name="evaluateTest[23 plan[( 13 + 27 ) * 2 - 34 / 17 + 2 * 7]=13 27 + 2 * 34 17 / - 2 7 * +]]" classname="ashulzhenko.evaluator.actions.EvaluatorTest" time="0.001"/>
  <testcase name="convertTest[24 plan[1.4 * 2 - 2.3 + ( -17.3 )]=1.4 2 * 2.3 - -17.3 +]]" classname="ashulzhenko.evaluator.actions.EvaluatorTest" time="0.001"/>
  <testcase name="evaluateTest[24 plan[1.4 * 2 - 2.3 + ( -17.3 )]=1.4 2 * 2.3 - -17.3 +]]" classname="ashulzhenko.evaluator.actions.EvaluatorTest" time="0.001"/>
</testsuite>